E:\闲来\闲来服务器\闲来服务器\系统模块\服务器组件\游戏服务器\RELEASE\GAMESERVER.PCH
E:\闲来\闲来服务器\闲来服务器\系统模块\服务器组件\游戏服务器\RELEASE\STDAFX.OBJ
E:\闲来\闲来服务器\闲来服务器\系统模块\服务器组件\游戏服务器\RELEASE\VC110.PDB
E:\闲来\闲来服务器\闲来服务器\系统模块\服务器组件\游戏服务器\RELEASE\TABLEFRAME.OBJ
E:\闲来\闲来服务器\闲来服务器\系统模块\服务器组件\游戏服务器\RELEASE\STOCKMANAGER.OBJ
E:\闲来\闲来服务器\闲来服务器\系统模块\服务器组件\游戏服务器\RELEASE\SERVICEUNITS.OBJ
E:\闲来\闲来服务器\闲来服务器\系统模块\服务器组件\游戏服务器\RELEASE\SERVERLISTMANAGER.OBJ
E:\闲来\闲来服务器\闲来服务器\系统模块\服务器组件\游戏服务器\RELEASE\SENSITIVEWORDSFILTER.OBJ
E:\闲来\闲来服务器\闲来服务器\系统模块\服务器组件\游戏服务器\RELEASE\INITPARAMETER.OBJ
E:\闲来\闲来服务器\闲来服务器\系统模块\服务器组件\游戏服务器\RELEASE\GAMESERVERDLG.OBJ
E:\闲来\闲来服务器\闲来服务器\系统模块\服务器组件\游戏服务器\RELEASE\GAMESERVER.OBJ
E:\闲来\闲来服务器\闲来服务器\系统模块\服务器组件\游戏服务器\RELEASE\DISTRIBUTEMANAGER.OBJ
E:\闲来\闲来服务器\闲来服务器\系统模块\服务器组件\游戏服务器\RELEASE\DBCORRESPONDMANAGER.OBJ
E:\闲来\闲来服务器\闲来服务器\系统模块\服务器组件\游戏服务器\RELEASE\DATABASEENGINESINK.OBJ
E:\闲来\闲来服务器\闲来服务器\系统模块\服务器组件\游戏服务器\RELEASE\ATTEMPERENGINESINK.OBJ
E:\闲来\闲来服务器\闲来服务器\运行\RELEASE\ANSI\GAMESERVER.EXE
E:\闲来\闲来服务器\闲来服务器\运行\RELEASE\ANSI\GAMESERVER.PDB
E:\闲来\闲来服务器\闲来服务器\系统模块\服务器组件\游戏服务器\RELEASE\GAMESERVER.RES
E:\闲来\闲来服务器\闲来服务器\运行\Release\Ansi\GameServer.lib
E:\闲来\闲来服务器\闲来服务器\运行\Release\Ansi\GameServer.exp
E:\闲来\闲来服务器\闲来服务器\系统模块\服务器组件\游戏服务器\Release\AttemperEngineSink.obj
E:\闲来\闲来服务器\闲来服务器\系统模块\服务器组件\游戏服务器\Release\DataBaseEngineSink.obj
E:\闲来\闲来服务器\闲来服务器\系统模块\服务器组件\游戏服务器\Release\DBCorrespondManager.obj
E:\闲来\闲来服务器\闲来服务器\系统模块\服务器组件\游戏服务器\Release\DistributeManager.obj
E:\闲来\闲来服务器\闲来服务器\系统模块\服务器组件\游戏服务器\Release\GameServer.obj
E:\闲来\闲来服务器\闲来服务器\系统模块\服务器组件\游戏服务器\Release\GameServerDlg.obj
E:\闲来\闲来服务器\闲来服务器\系统模块\服务器组件\游戏服务器\Release\InitParameter.obj
E:\闲来\闲来服务器\闲来服务器\系统模块\服务器组件\游戏服务器\Release\SensitiveWordsFilter.obj
E:\闲来\闲来服务器\闲来服务器\系统模块\服务器组件\游戏服务器\Release\ServerListManager.obj
E:\闲来\闲来服务器\闲来服务器\系统模块\服务器组件\游戏服务器\Release\ServiceUnits.obj
E:\闲来\闲来服务器\闲来服务器\系统模块\服务器组件\游戏服务器\Release\Stdafx.obj
E:\闲来\闲来服务器\闲来服务器\系统模块\服务器组件\游戏服务器\Release\StockManager.obj
E:\闲来\闲来服务器\闲来服务器\系统模块\服务器组件\游戏服务器\Release\TableFrame.obj
E:\闲来\闲来服务器\闲来服务器\系统模块\服务器组件\游戏服务器\Release\msado15.tli
E:\闲来\闲来服务器\闲来服务器\系统模块\服务器组件\游戏服务器\Release\msado15.tlh
E:\闲来\闲来服务器\闲来服务器\系统模块\服务器组件\游戏服务器\Release\cl.command.1.tlog
E:\闲来\闲来服务器\闲来服务器\系统模块\服务器组件\游戏服务器\Release\CL.read.1.tlog
E:\闲来\闲来服务器\闲来服务器\系统模块\服务器组件\游戏服务器\Release\CL.write.1.tlog
E:\闲来\闲来服务器\闲来服务器\系统模块\服务器组件\游戏服务器\Release\link-cvtres.read.1.tlog
E:\闲来\闲来服务器\闲来服务器\系统模块\服务器组件\游戏服务器\Release\link-cvtres.write.1.tlog
E:\闲来\闲来服务器\闲来服务器\系统模块\服务器组件\游戏服务器\Release\link-mt.read.1.tlog
E:\闲来\闲来服务器\闲来服务器\系统模块\服务器组件\游戏服务器\Release\link-mt.write.1.tlog
E:\闲来\闲来服务器\闲来服务器\系统模块\服务器组件\游戏服务器\Release\link-rc.read.1.tlog
E:\闲来\闲来服务器\闲来服务器\系统模块\服务器组件\游戏服务器\Release\link-rc.write.1.tlog
E:\闲来\闲来服务器\闲来服务器\系统模块\服务器组件\游戏服务器\Release\link.command.1.tlog
E:\闲来\闲来服务器\闲来服务器\系统模块\服务器组件\游戏服务器\Release\link.read.1.tlog
E:\闲来\闲来服务器\闲来服务器\系统模块\服务器组件\游戏服务器\Release\link.write.1.tlog
E:\闲来\闲来服务器\闲来服务器\系统模块\服务器组件\游戏服务器\Release\rc.command.1.tlog
E:\闲来\闲来服务器\闲来服务器\系统模块\服务器组件\游戏服务器\Release\rc.read.1.tlog
E:\闲来\闲来服务器\闲来服务器\系统模块\服务器组件\游戏服务器\Release\rc.write.1.tlog
E:\闲来\闲来服务器\闲来服务器\系统模块\服务器组件\游戏服务器\Release\游戏服务器.write.1.tlog
E:\闲来\闲来服务器\闲来服务器\系统模块\服务器组件\游戏服务器\Release\GameServer.res
E:\闲来\闲来服务器\闲来服务器\系统模块\服务器组件\游戏服务器\Release\GameServer.pch
E:\闲来\闲来服务器\闲来服务器\系统模块\服务器组件\游戏服务器\Release\vc110.pdb
E:\闲来\闲来服务器\闲来服务器\系统模块\服务器组件\游戏服务器\../../../运行/Release/Ansi/GameServer.exe
