生成启动时间为 2016/7/22 16:51:53。
     1>项目“E:\闲来\闲来服务器\闲来服务器\系统模块\服务器组件\私人场服务\GamePrivateServer.vcxproj”在节点 2 上(Build 个目标)。
     1>ClCompile:
         C:\Program Files (x86)\Microsoft Visual Studio 11.0\VC\bin\CL.exe /c /Zi /nologo /W3 /WX- /Od /Oy- /D WIN32 /D _WINDOWS /D NDEBUG /D _AFXEXT /D PRIVATE_SERVICE_DLL /D _WINDLL /D _MBCS /D _AFXDLL /Gm- /EHsc /MD /GS /fp:precise /Zc:wchar_t /Zc:forScope /Yc"stdafx.h" /Fp"Release\PrivateService.pch" /Fo"Release\\" /Fd"Release\vc110.pdb" /Gd /TP /analyze- /errorReport:prompt Stdafx.cpp
         Stdafx.cpp
         C:\Program Files (x86)\Microsoft Visual Studio 11.0\VC\bin\CL.exe /c /Zi /nologo /W3 /WX- /Od /Oy- /D WIN32 /D _WINDOWS /D NDEBUG /D _AFXEXT /D PRIVATE_SERVICE_DLL /D _WINDLL /D _MBCS /D _AFXDLL /Gm- /EHsc /MD /GS /fp:precise /Zc:wchar_t /Zc:forScope /Yu"stdafx.h" /Fp"Release\PrivateService.pch" /Fo"Release\\" /Fd"Release\vc110.pdb" /Gd /TP /analyze- /errorReport:prompt FangKaHttpUnits.cpp GamePrivateServer.cpp PrivateGame.cpp PrivateServiceManager.cpp PrivateTableInfo.cpp CTableFramePrivate.cpp
         FangKaHttpUnits.cpp
         GamePrivateServer.cpp
         PrivateGame.cpp
         PrivateServiceManager.cpp
         PrivateTableInfo.cpp
         CTableFramePrivate.cpp
         正在生成代码...
       ResourceCompile:
         C:\Program Files (x86)\Windows Kits\8.0\bin\x86\rc.exe /D NDEBUG /D _AFXDLL /l"0x0804" /IRelease\ /nologo /fo"Release\GamePrivateServer.res" GamePrivateServer.rc 
       Link:
         C:\Program Files (x86)\Microsoft Visual Studio 11.0\VC\bin\link.exe /ERRORREPORT:PROMPT /OUT:"../../../运行/Release/Ansi/PrivateService.dll" /INCREMENTAL:NO /NOLOGO /MANIFEST /MANIFESTUAC:"level='asInvoker' uiAccess='false'" /manifest:embed /manifestinput:"C:\Program Files (x86)\Microsoft Visual Studio 11.0\VC\Include\Manifest\dpiaware.manifest" /DEBUG /PDB:"../../../运行/Release/Ansi/PrivateService.pdb" /SUBSYSTEM:WINDOWS /OPT:REF /OPT:ICF /TLBID:1 /DYNAMICBASE /NXCOMPAT /IMPLIB:"../../../运行/Release/Ansi/MatchService.lib" /MACHINE:X86 /SAFESEH /DLL Release\GamePrivateServer.res
         Release\FangKaHttpUnits.obj
         Release\GamePrivateServer.obj
         Release\PrivateGame.obj
         Release\PrivateServiceManager.obj
         Release\PrivateTableInfo.obj
         Release\Stdafx.obj
         Release\CTableFramePrivate.obj
            正在创建库 ../../../运行/Release/Ansi/MatchService.lib 和对象 ../../../运行/Release/Ansi/MatchService.exp
         GamePrivateServer.vcxproj -> E:\闲来\闲来服务器\闲来服务器\系统模块\服务器组件\私人场服务\../../../运行/Release/Ansi/PrivateService.dll
     1>已完成生成项目“E:\闲来\闲来服务器\闲来服务器\系统模块\服务器组件\私人场服务\GamePrivateServer.vcxproj”(Build 个目标)的操作。

生成成功。

已用时间 00:00:11.49
