E:\闲来\闲来服务器\闲来服务器\系统模块\服务器组件\私人场服务\RELEASE\PRIVATESERVICE.PCH
E:\闲来\闲来服务器\闲来服务器\系统模块\服务器组件\私人场服务\RELEASE\STDAFX.OBJ
E:\闲来\闲来服务器\闲来服务器\系统模块\服务器组件\私人场服务\RELEASE\VC110.PDB
E:\闲来\闲来服务器\闲来服务器\系统模块\服务器组件\私人场服务\RELEASE\CTABLEFRAMEPRIVATE.OBJ
E:\闲来\闲来服务器\闲来服务器\系统模块\服务器组件\私人场服务\RELEASE\PRIVATETABLEINFO.OBJ
E:\闲来\闲来服务器\闲来服务器\系统模块\服务器组件\私人场服务\RELEASE\PRIVATESERVICEMANAGER.OBJ
E:\闲来\闲来服务器\闲来服务器\系统模块\服务器组件\私人场服务\RELEASE\PRIVATEGAME.OBJ
E:\闲来\闲来服务器\闲来服务器\系统模块\服务器组件\私人场服务\RELEASE\GAMEPRIVATESERVER.OBJ
E:\闲来\闲来服务器\闲来服务器\系统模块\服务器组件\私人场服务\RELEASE\FANGKAHTTPUNITS.OBJ
E:\闲来\闲来服务器\闲来服务器\运行\RELEASE\ANSI\PRIVATESERVICE.DLL
E:\闲来\闲来服务器\闲来服务器\运行\RELEASE\ANSI\PRIVATESERVICE.PDB
E:\闲来\闲来服务器\闲来服务器\系统模块\服务器组件\私人场服务\RELEASE\GAMEPRIVATESERVER.RES
E:\闲来\闲来服务器\闲来服务器\运行\Release\Ansi\MatchService.lib
E:\闲来\闲来服务器\闲来服务器\运行\Release\Ansi\MatchService.exp
E:\闲来\闲来服务器\闲来服务器\系统模块\服务器组件\私人场服务\Release\CTableFramePrivate.obj
E:\闲来\闲来服务器\闲来服务器\系统模块\服务器组件\私人场服务\Release\FangKaHttpUnits.obj
E:\闲来\闲来服务器\闲来服务器\系统模块\服务器组件\私人场服务\Release\GamePrivateServer.obj
E:\闲来\闲来服务器\闲来服务器\系统模块\服务器组件\私人场服务\Release\PrivateGame.obj
E:\闲来\闲来服务器\闲来服务器\系统模块\服务器组件\私人场服务\Release\PrivateServiceManager.obj
E:\闲来\闲来服务器\闲来服务器\系统模块\服务器组件\私人场服务\Release\PrivateTableInfo.obj
E:\闲来\闲来服务器\闲来服务器\系统模块\服务器组件\私人场服务\Release\Stdafx.obj
E:\闲来\闲来服务器\闲来服务器\系统模块\服务器组件\私人场服务\Release\msado15.tli
E:\闲来\闲来服务器\闲来服务器\系统模块\服务器组件\私人场服务\Release\msado15.tlh
E:\闲来\闲来服务器\闲来服务器\系统模块\服务器组件\私人场服务\Release\cl.command.1.tlog
E:\闲来\闲来服务器\闲来服务器\系统模块\服务器组件\私人场服务\Release\CL.read.1.tlog
E:\闲来\闲来服务器\闲来服务器\系统模块\服务器组件\私人场服务\Release\CL.write.1.tlog
E:\闲来\闲来服务器\闲来服务器\系统模块\服务器组件\私人场服务\Release\link-cvtres.read.1.tlog
E:\闲来\闲来服务器\闲来服务器\系统模块\服务器组件\私人场服务\Release\link-cvtres.write.1.tlog
E:\闲来\闲来服务器\闲来服务器\系统模块\服务器组件\私人场服务\Release\link-mt.read.1.tlog
E:\闲来\闲来服务器\闲来服务器\系统模块\服务器组件\私人场服务\Release\link-mt.write.1.tlog
E:\闲来\闲来服务器\闲来服务器\系统模块\服务器组件\私人场服务\Release\link-rc.read.1.tlog
E:\闲来\闲来服务器\闲来服务器\系统模块\服务器组件\私人场服务\Release\link-rc.write.1.tlog
E:\闲来\闲来服务器\闲来服务器\系统模块\服务器组件\私人场服务\Release\link.command.1.tlog
E:\闲来\闲来服务器\闲来服务器\系统模块\服务器组件\私人场服务\Release\link.read.1.tlog
E:\闲来\闲来服务器\闲来服务器\系统模块\服务器组件\私人场服务\Release\link.write.1.tlog
E:\闲来\闲来服务器\闲来服务器\系统模块\服务器组件\私人场服务\Release\rc.command.1.tlog
E:\闲来\闲来服务器\闲来服务器\系统模块\服务器组件\私人场服务\Release\rc.read.1.tlog
E:\闲来\闲来服务器\闲来服务器\系统模块\服务器组件\私人场服务\Release\rc.write.1.tlog
E:\闲来\闲来服务器\闲来服务器\系统模块\服务器组件\私人场服务\Release\私人场服务.write.1.tlog
E:\闲来\闲来服务器\闲来服务器\系统模块\服务器组件\私人场服务\Release\GamePrivateServer.res
E:\闲来\闲来服务器\闲来服务器\系统模块\服务器组件\私人场服务\Release\PrivateService.pch
E:\闲来\闲来服务器\闲来服务器\系统模块\服务器组件\私人场服务\Release\vc110.pdb
E:\闲来\闲来服务器\闲来服务器\系统模块\服务器组件\私人场服务\../../../运行/Release/Ansi/PrivateService.dll
