E:\闲来\闲来服务器\闲来服务器\系统模块\服务器组件\协调服务器\RELEASE\CORRESPOND.PCH
E:\闲来\闲来服务器\闲来服务器\系统模块\服务器组件\协调服务器\RELEASE\STDAFX.OBJ
E:\闲来\闲来服务器\闲来服务器\系统模块\服务器组件\协调服务器\RELEASE\VC110.PDB
E:\闲来\闲来服务器\闲来服务器\系统模块\服务器组件\协调服务器\RELEASE\SERVICEUNITS.OBJ
E:\闲来\闲来服务器\闲来服务器\系统模块\服务器组件\协调服务器\RELEASE\INITPARAMETER.OBJ
E:\闲来\闲来服务器\闲来服务器\系统模块\服务器组件\协调服务器\RELEASE\GLOBALINFOMANAGER.OBJ
E:\闲来\闲来服务器\闲来服务器\系统模块\服务器组件\协调服务器\RELEASE\CORRESPONDSERVERDLG.OBJ
E:\闲来\闲来服务器\闲来服务器\系统模块\服务器组件\协调服务器\RELEASE\CORRESPONDSERVER.OBJ
E:\闲来\闲来服务器\闲来服务器\系统模块\服务器组件\协调服务器\RELEASE\ATTEMPERENGINESINK.OBJ
E:\闲来\闲来服务器\闲来服务器\运行\RELEASE\ANSI\CORRESPOND.EXE
E:\闲来\闲来服务器\闲来服务器\运行\RELEASE\ANSI\CORRESPOND.PDB
E:\闲来\闲来服务器\闲来服务器\系统模块\服务器组件\协调服务器\RELEASE\CORRESPOND.RES
E:\闲来\闲来服务器\闲来服务器\系统模块\服务器组件\协调服务器\Release\AttemperEngineSink.obj
E:\闲来\闲来服务器\闲来服务器\系统模块\服务器组件\协调服务器\Release\CorrespondServer.obj
E:\闲来\闲来服务器\闲来服务器\系统模块\服务器组件\协调服务器\Release\CorrespondServerDlg.obj
E:\闲来\闲来服务器\闲来服务器\系统模块\服务器组件\协调服务器\Release\GlobalInfoManager.obj
E:\闲来\闲来服务器\闲来服务器\系统模块\服务器组件\协调服务器\Release\InitParameter.obj
E:\闲来\闲来服务器\闲来服务器\系统模块\服务器组件\协调服务器\Release\ServiceUnits.obj
E:\闲来\闲来服务器\闲来服务器\系统模块\服务器组件\协调服务器\Release\Stdafx.obj
E:\闲来\闲来服务器\闲来服务器\系统模块\服务器组件\协调服务器\Release\msado15.tli
E:\闲来\闲来服务器\闲来服务器\系统模块\服务器组件\协调服务器\Release\msado15.tlh
E:\闲来\闲来服务器\闲来服务器\系统模块\服务器组件\协调服务器\Release\cl.command.1.tlog
E:\闲来\闲来服务器\闲来服务器\系统模块\服务器组件\协调服务器\Release\CL.read.1.tlog
E:\闲来\闲来服务器\闲来服务器\系统模块\服务器组件\协调服务器\Release\CL.write.1.tlog
E:\闲来\闲来服务器\闲来服务器\系统模块\服务器组件\协调服务器\Release\link-cvtres.read.1.tlog
E:\闲来\闲来服务器\闲来服务器\系统模块\服务器组件\协调服务器\Release\link-cvtres.write.1.tlog
E:\闲来\闲来服务器\闲来服务器\系统模块\服务器组件\协调服务器\Release\link-mt.read.1.tlog
E:\闲来\闲来服务器\闲来服务器\系统模块\服务器组件\协调服务器\Release\link-mt.write.1.tlog
E:\闲来\闲来服务器\闲来服务器\系统模块\服务器组件\协调服务器\Release\link-rc.read.1.tlog
E:\闲来\闲来服务器\闲来服务器\系统模块\服务器组件\协调服务器\Release\link-rc.write.1.tlog
E:\闲来\闲来服务器\闲来服务器\系统模块\服务器组件\协调服务器\Release\link.command.1.tlog
E:\闲来\闲来服务器\闲来服务器\系统模块\服务器组件\协调服务器\Release\link.read.1.tlog
E:\闲来\闲来服务器\闲来服务器\系统模块\服务器组件\协调服务器\Release\link.write.1.tlog
E:\闲来\闲来服务器\闲来服务器\系统模块\服务器组件\协调服务器\Release\rc.command.1.tlog
E:\闲来\闲来服务器\闲来服务器\系统模块\服务器组件\协调服务器\Release\rc.read.1.tlog
E:\闲来\闲来服务器\闲来服务器\系统模块\服务器组件\协调服务器\Release\rc.write.1.tlog
E:\闲来\闲来服务器\闲来服务器\系统模块\服务器组件\协调服务器\Release\Correspond.res
E:\闲来\闲来服务器\闲来服务器\系统模块\服务器组件\协调服务器\Release\Correspond.pch
E:\闲来\闲来服务器\闲来服务器\系统模块\服务器组件\协调服务器\Release\vc110.pdb
E:\闲来\闲来服务器\闲来服务器\系统模块\服务器组件\协调服务器\../../../运行/Release/Ansi/Correspond.exe
