E:\闲来\闲来服务器\闲来服务器\系统模块\服务器组件\比赛服务\RELEASE\TABLEFRAMEHOOK.OBJ
E:\闲来\闲来服务器\闲来服务器\系统模块\服务器组件\比赛服务\RELEASE\MATCHSERVICEMANAGER.OBJ
E:\闲来\闲来服务器\闲来服务器\系统模块\服务器组件\比赛服务\RELEASE\LOCKTIMEMATCH.OBJ
E:\闲来\闲来服务器\闲来服务器\系统模块\服务器组件\比赛服务\RELEASE\IMMEDIATEMATCH.OBJ
E:\闲来\闲来服务器\闲来服务器\系统模块\服务器组件\比赛服务\RELEASE\IMMEDIATEGROUP.OBJ
E:\闲来\闲来服务器\闲来服务器\系统模块\服务器组件\比赛服务\RELEASE\GAMEMATCHSERVER.OBJ
E:\闲来\闲来服务器\闲来服务器\系统模块\服务器组件\比赛服务\RELEASE\DISTRIBUTEMANAGER.OBJ
E:\闲来\闲来服务器\闲来服务器\系统模块\服务器组件\比赛服务\RELEASE\VC110.PDB
E:\闲来\闲来服务器\闲来服务器\系统模块\服务器组件\比赛服务\RELEASE\MATCHSERVICE.PCH
E:\闲来\闲来服务器\闲来服务器\运行\RELEASE\ANSI\MATCHSERVICE.DLL
E:\闲来\闲来服务器\闲来服务器\运行\RELEASE\ANSI\MATCHSERVICE.PDB
E:\闲来\闲来服务器\闲来服务器\系统模块\服务器组件\比赛服务\RELEASE\GAMEMATCHSERVER.RES
E:\闲来\闲来服务器\闲来服务器\运行\Release\Ansi\MatchService.lib
E:\闲来\闲来服务器\闲来服务器\运行\Release\Ansi\MatchService.exp
E:\闲来\闲来服务器\闲来服务器\系统模块\服务器组件\比赛服务\Release\DistributeManager.obj
E:\闲来\闲来服务器\闲来服务器\系统模块\服务器组件\比赛服务\Release\GameMatchServer.obj
E:\闲来\闲来服务器\闲来服务器\系统模块\服务器组件\比赛服务\Release\ImmediateGroup.obj
E:\闲来\闲来服务器\闲来服务器\系统模块\服务器组件\比赛服务\Release\ImmediateMatch.obj
E:\闲来\闲来服务器\闲来服务器\系统模块\服务器组件\比赛服务\Release\LockTimeMatch.obj
E:\闲来\闲来服务器\闲来服务器\系统模块\服务器组件\比赛服务\Release\MatchServiceManager.obj
E:\闲来\闲来服务器\闲来服务器\系统模块\服务器组件\比赛服务\Release\Stdafx.obj
E:\闲来\闲来服务器\闲来服务器\系统模块\服务器组件\比赛服务\Release\TableFrameHook.obj
E:\闲来\闲来服务器\闲来服务器\系统模块\服务器组件\比赛服务\Release\msado15.tli
E:\闲来\闲来服务器\闲来服务器\系统模块\服务器组件\比赛服务\Release\msado15.tlh
E:\闲来\闲来服务器\闲来服务器\系统模块\服务器组件\比赛服务\Release\cl.command.1.tlog
E:\闲来\闲来服务器\闲来服务器\系统模块\服务器组件\比赛服务\Release\CL.read.1.tlog
E:\闲来\闲来服务器\闲来服务器\系统模块\服务器组件\比赛服务\Release\CL.write.1.tlog
E:\闲来\闲来服务器\闲来服务器\系统模块\服务器组件\比赛服务\Release\link-cvtres.read.1.tlog
E:\闲来\闲来服务器\闲来服务器\系统模块\服务器组件\比赛服务\Release\link-cvtres.write.1.tlog
E:\闲来\闲来服务器\闲来服务器\系统模块\服务器组件\比赛服务\Release\link-mt.read.1.tlog
E:\闲来\闲来服务器\闲来服务器\系统模块\服务器组件\比赛服务\Release\link-mt.write.1.tlog
E:\闲来\闲来服务器\闲来服务器\系统模块\服务器组件\比赛服务\Release\link-rc.read.1.tlog
E:\闲来\闲来服务器\闲来服务器\系统模块\服务器组件\比赛服务\Release\link-rc.write.1.tlog
E:\闲来\闲来服务器\闲来服务器\系统模块\服务器组件\比赛服务\Release\link.command.1.tlog
E:\闲来\闲来服务器\闲来服务器\系统模块\服务器组件\比赛服务\Release\link.read.1.tlog
E:\闲来\闲来服务器\闲来服务器\系统模块\服务器组件\比赛服务\Release\link.write.1.tlog
E:\闲来\闲来服务器\闲来服务器\系统模块\服务器组件\比赛服务\Release\rc.command.1.tlog
E:\闲来\闲来服务器\闲来服务器\系统模块\服务器组件\比赛服务\Release\rc.read.1.tlog
E:\闲来\闲来服务器\闲来服务器\系统模块\服务器组件\比赛服务\Release\rc.write.1.tlog
E:\闲来\闲来服务器\闲来服务器\系统模块\服务器组件\比赛服务\Release\比赛服务.write.1.tlog
E:\闲来\闲来服务器\闲来服务器\系统模块\服务器组件\比赛服务\Release\GameMatchServer.res
E:\闲来\闲来服务器\闲来服务器\系统模块\服务器组件\比赛服务\Release\MatchService.pch
E:\闲来\闲来服务器\闲来服务器\系统模块\服务器组件\比赛服务\Release\vc110.pdb
E:\闲来\闲来服务器\闲来服务器\系统模块\服务器组件\比赛服务\../../../运行/Release/Ansi/MatchService.dll
