E:\闲来\闲来服务器\闲来服务器\系统模块\服务器组件\游戏服务\RELEASE\GAMESERVICE.PCH
E:\闲来\闲来服务器\闲来服务器\系统模块\服务器组件\游戏服务\RELEASE\STDAFX.OBJ
E:\闲来\闲来服务器\闲来服务器\系统模块\服务器组件\游戏服务\RELEASE\VC110.PDB
E:\闲来\闲来服务器\闲来服务器\系统模块\服务器组件\游戏服务\RELEASE\SERVERUSERMANAGER.OBJ
E:\闲来\闲来服务器\闲来服务器\系统模块\服务器组件\游戏服务\RELEASE\GAMESERVICE.OBJ
E:\闲来\闲来服务器\闲来服务器\系统模块\服务器组件\游戏服务\RELEASE\GAMEPROPERTYMANAGER.OBJ
E:\闲来\闲来服务器\闲来服务器\系统模块\服务器组件\游戏服务\RELEASE\ANDROIDUSERMANAGER.OBJ
E:\闲来\闲来服务器\闲来服务器\系统模块\服务器组件\游戏服务\RELEASE\ANDROIDUSERITEM.OBJ
E:\闲来\闲来服务器\闲来服务器\运行\RELEASE\ANSI\GAMESERVICE.DLL
E:\闲来\闲来服务器\闲来服务器\运行\RELEASE\ANSI\GAMESERVICE.PDB
E:\闲来\闲来服务器\闲来服务器\系统模块\服务器组件\游戏服务\RELEASE\GAMESERVICE.RES
E:\闲来\闲来服务器\闲来服务器\系统模块\链接库\Ansi\GameService.lib
E:\闲来\闲来服务器\闲来服务器\系统模块\链接库\Ansi\GameService.exp
E:\闲来\闲来服务器\闲来服务器\系统模块\服务器组件\游戏服务\Release\AndroidUserItem.obj
E:\闲来\闲来服务器\闲来服务器\系统模块\服务器组件\游戏服务\Release\AndroidUserManager.obj
E:\闲来\闲来服务器\闲来服务器\系统模块\服务器组件\游戏服务\Release\GamePropertyManager.obj
E:\闲来\闲来服务器\闲来服务器\系统模块\服务器组件\游戏服务\Release\GameService.obj
E:\闲来\闲来服务器\闲来服务器\系统模块\服务器组件\游戏服务\Release\ServerUserManager.obj
E:\闲来\闲来服务器\闲来服务器\系统模块\服务器组件\游戏服务\Release\Stdafx.obj
E:\闲来\闲来服务器\闲来服务器\系统模块\服务器组件\游戏服务\Release\msado15.tli
E:\闲来\闲来服务器\闲来服务器\系统模块\服务器组件\游戏服务\Release\msado15.tlh
E:\闲来\闲来服务器\闲来服务器\系统模块\服务器组件\游戏服务\Release\cl.command.1.tlog
E:\闲来\闲来服务器\闲来服务器\系统模块\服务器组件\游戏服务\Release\CL.read.1.tlog
E:\闲来\闲来服务器\闲来服务器\系统模块\服务器组件\游戏服务\Release\CL.write.1.tlog
E:\闲来\闲来服务器\闲来服务器\系统模块\服务器组件\游戏服务\Release\link-cvtres.read.1.tlog
E:\闲来\闲来服务器\闲来服务器\系统模块\服务器组件\游戏服务\Release\link-cvtres.write.1.tlog
E:\闲来\闲来服务器\闲来服务器\系统模块\服务器组件\游戏服务\Release\link-mt.read.1.tlog
E:\闲来\闲来服务器\闲来服务器\系统模块\服务器组件\游戏服务\Release\link-mt.write.1.tlog
E:\闲来\闲来服务器\闲来服务器\系统模块\服务器组件\游戏服务\Release\link-rc.read.1.tlog
E:\闲来\闲来服务器\闲来服务器\系统模块\服务器组件\游戏服务\Release\link-rc.write.1.tlog
E:\闲来\闲来服务器\闲来服务器\系统模块\服务器组件\游戏服务\Release\link.command.1.tlog
E:\闲来\闲来服务器\闲来服务器\系统模块\服务器组件\游戏服务\Release\link.read.1.tlog
E:\闲来\闲来服务器\闲来服务器\系统模块\服务器组件\游戏服务\Release\link.write.1.tlog
E:\闲来\闲来服务器\闲来服务器\系统模块\服务器组件\游戏服务\Release\rc.command.1.tlog
E:\闲来\闲来服务器\闲来服务器\系统模块\服务器组件\游戏服务\Release\rc.read.1.tlog
E:\闲来\闲来服务器\闲来服务器\系统模块\服务器组件\游戏服务\Release\rc.write.1.tlog
E:\闲来\闲来服务器\闲来服务器\系统模块\服务器组件\游戏服务\Release\游戏服务.write.1.tlog
E:\闲来\闲来服务器\闲来服务器\系统模块\服务器组件\游戏服务\Release\GameService.res
E:\闲来\闲来服务器\闲来服务器\系统模块\服务器组件\游戏服务\Release\GameService.pch
E:\闲来\闲来服务器\闲来服务器\系统模块\服务器组件\游戏服务\Release\vc110.pdb
E:\闲来\闲来服务器\闲来服务器\系统模块\服务器组件\游戏服务\../../../运行/Release/Ansi/GameService.dll
