E:\闲来\闲来服务器\闲来服务器\系统模块\客户端组件\网络服务\RELEASE\WHSOCKET.PCH
E:\闲来\闲来服务器\闲来服务器\系统模块\客户端组件\网络服务\RELEASE\STDAFX.OBJ
E:\闲来\闲来服务器\闲来服务器\系统模块\客户端组件\网络服务\RELEASE\VC110.PDB
E:\闲来\闲来服务器\闲来服务器\系统模块\客户端组件\网络服务\RELEASE\TCPSOCKET.OBJ
E:\闲来\闲来服务器\闲来服务器\系统模块\客户端组件\网络服务\RELEASE\NETWORKSERVICE.OBJ
E:\闲来\闲来服务器\闲来服务器\运行\RELEASE\ANSI\WHSOCKET.DLL
E:\闲来\闲来服务器\闲来服务器\运行\RELEASE\ANSI\WHSOCKET.PDB
E:\闲来\闲来服务器\闲来服务器\系统模块\客户端组件\网络服务\RELEASE\WHSOCKET.RES
E:\闲来\闲来服务器\闲来服务器\运行\Release\Ansi\WHSocket.lib
E:\闲来\闲来服务器\闲来服务器\运行\Release\Ansi\WHSocket.exp
E:\闲来\闲来服务器\闲来服务器\系统模块\客户端组件\网络服务\Release\NetworkService.obj
E:\闲来\闲来服务器\闲来服务器\系统模块\客户端组件\网络服务\Release\Stdafx.obj
E:\闲来\闲来服务器\闲来服务器\系统模块\客户端组件\网络服务\Release\TCPSocket.obj
E:\闲来\闲来服务器\闲来服务器\系统模块\客户端组件\网络服务\Release\cl.command.1.tlog
E:\闲来\闲来服务器\闲来服务器\系统模块\客户端组件\网络服务\Release\CL.read.1.tlog
E:\闲来\闲来服务器\闲来服务器\系统模块\客户端组件\网络服务\Release\CL.write.1.tlog
E:\闲来\闲来服务器\闲来服务器\系统模块\客户端组件\网络服务\Release\link-cvtres.read.1.tlog
E:\闲来\闲来服务器\闲来服务器\系统模块\客户端组件\网络服务\Release\link-cvtres.write.1.tlog
E:\闲来\闲来服务器\闲来服务器\系统模块\客户端组件\网络服务\Release\link-mt.read.1.tlog
E:\闲来\闲来服务器\闲来服务器\系统模块\客户端组件\网络服务\Release\link-mt.write.1.tlog
E:\闲来\闲来服务器\闲来服务器\系统模块\客户端组件\网络服务\Release\link-rc.read.1.tlog
E:\闲来\闲来服务器\闲来服务器\系统模块\客户端组件\网络服务\Release\link-rc.write.1.tlog
E:\闲来\闲来服务器\闲来服务器\系统模块\客户端组件\网络服务\Release\link.command.1.tlog
E:\闲来\闲来服务器\闲来服务器\系统模块\客户端组件\网络服务\Release\link.read.1.tlog
E:\闲来\闲来服务器\闲来服务器\系统模块\客户端组件\网络服务\Release\link.write.1.tlog
E:\闲来\闲来服务器\闲来服务器\系统模块\客户端组件\网络服务\Release\rc.command.1.tlog
E:\闲来\闲来服务器\闲来服务器\系统模块\客户端组件\网络服务\Release\rc.read.1.tlog
E:\闲来\闲来服务器\闲来服务器\系统模块\客户端组件\网络服务\Release\rc.write.1.tlog
E:\闲来\闲来服务器\闲来服务器\系统模块\客户端组件\网络服务\Release\WHSocket.write.1.tlog
E:\闲来\闲来服务器\闲来服务器\系统模块\客户端组件\网络服务\Release\WHSocket.res
E:\闲来\闲来服务器\闲来服务器\系统模块\客户端组件\网络服务\Release\WHSocket.pch
E:\闲来\闲来服务器\闲来服务器\系统模块\客户端组件\网络服务\Release\vc110.pdb
E:\闲来\闲来服务器\闲来服务器\系统模块\客户端组件\网络服务\../../../运行/Release/Ansi/WHSocket.dll
