E:\闲来\闲来服务器\闲来服务器\系统模块\服务器组件\内核引擎\RELEASE\KERNELENGINE.PCH
E:\闲来\闲来服务器\闲来服务器\系统模块\服务器组件\内核引擎\RELEASE\STDAFX.OBJ
E:\闲来\闲来服务器\闲来服务器\系统模块\服务器组件\内核引擎\RELEASE\VC110.PDB
E:\闲来\闲来服务器\闲来服务器\系统模块\服务器组件\内核引擎\RELEASE\ASYNCHRONISMENGINE.OBJ
E:\闲来\闲来服务器\闲来服务器\系统模块\服务器组件\内核引擎\RELEASE\TRACESERVICE.OBJ
E:\闲来\闲来服务器\闲来服务器\系统模块\服务器组件\内核引擎\RELEASE\TCPSOCKETSERVICE.OBJ
E:\闲来\闲来服务器\闲来服务器\系统模块\服务器组件\内核引擎\RELEASE\TCPNETWORKENGINE.OBJ
E:\闲来\闲来服务器\闲来服务器\系统模块\服务器组件\内核引擎\RELEASE\DATABASEAIDE.OBJ
E:\闲来\闲来服务器\闲来服务器\系统模块\服务器组件\内核引擎\RELEASE\DATABASE.OBJ
E:\闲来\闲来服务器\闲来服务器\系统模块\服务器组件\内核引擎\RELEASE\QUEUESERVICE.OBJ
E:\闲来\闲来服务器\闲来服务器\系统模块\服务器组件\内核引擎\RELEASE\TIMERENGINE.OBJ
E:\闲来\闲来服务器\闲来服务器\系统模块\服务器组件\内核引擎\RELEASE\ATTEMPERENGINE.OBJ
E:\闲来\闲来服务器\闲来服务器\系统模块\服务器组件\内核引擎\RELEASE\KERNELENGINE.OBJ
E:\闲来\闲来服务器\闲来服务器\运行\RELEASE\ANSI\KERNELENGINE.DLL
E:\闲来\闲来服务器\闲来服务器\运行\RELEASE\ANSI\KERNELENGINE.PDB
E:\闲来\闲来服务器\闲来服务器\系统模块\服务器组件\内核引擎\RELEASE\KERNELENGINE.RES
E:\闲来\闲来服务器\闲来服务器\系统模块\链接库\Ansi\KernelEngine.lib
E:\闲来\闲来服务器\闲来服务器\系统模块\链接库\Ansi\KernelEngine.exp
E:\闲来\闲来服务器\闲来服务器\系统模块\服务器组件\内核引擎\Release\AsynchronismEngine.obj
E:\闲来\闲来服务器\闲来服务器\系统模块\服务器组件\内核引擎\Release\AttemperEngine.obj
E:\闲来\闲来服务器\闲来服务器\系统模块\服务器组件\内核引擎\Release\DataBase.obj
E:\闲来\闲来服务器\闲来服务器\系统模块\服务器组件\内核引擎\Release\DataBaseAide.obj
E:\闲来\闲来服务器\闲来服务器\系统模块\服务器组件\内核引擎\Release\KernelEngine.obj
E:\闲来\闲来服务器\闲来服务器\系统模块\服务器组件\内核引擎\Release\QueueService.obj
E:\闲来\闲来服务器\闲来服务器\系统模块\服务器组件\内核引擎\Release\Stdafx.obj
E:\闲来\闲来服务器\闲来服务器\系统模块\服务器组件\内核引擎\Release\TCPNetworkEngine.obj
E:\闲来\闲来服务器\闲来服务器\系统模块\服务器组件\内核引擎\Release\TCPSocketService.obj
E:\闲来\闲来服务器\闲来服务器\系统模块\服务器组件\内核引擎\Release\TimerEngine.obj
E:\闲来\闲来服务器\闲来服务器\系统模块\服务器组件\内核引擎\Release\TraceService.obj
E:\闲来\闲来服务器\闲来服务器\系统模块\服务器组件\内核引擎\Release\msado15.tli
E:\闲来\闲来服务器\闲来服务器\系统模块\服务器组件\内核引擎\Release\msado15.tlh
E:\闲来\闲来服务器\闲来服务器\系统模块\服务器组件\内核引擎\Release\cl.command.1.tlog
E:\闲来\闲来服务器\闲来服务器\系统模块\服务器组件\内核引擎\Release\CL.read.1.tlog
E:\闲来\闲来服务器\闲来服务器\系统模块\服务器组件\内核引擎\Release\CL.write.1.tlog
E:\闲来\闲来服务器\闲来服务器\系统模块\服务器组件\内核引擎\Release\link-cvtres.read.1.tlog
E:\闲来\闲来服务器\闲来服务器\系统模块\服务器组件\内核引擎\Release\link-cvtres.write.1.tlog
E:\闲来\闲来服务器\闲来服务器\系统模块\服务器组件\内核引擎\Release\link-mt.read.1.tlog
E:\闲来\闲来服务器\闲来服务器\系统模块\服务器组件\内核引擎\Release\link-mt.write.1.tlog
E:\闲来\闲来服务器\闲来服务器\系统模块\服务器组件\内核引擎\Release\link-rc.read.1.tlog
E:\闲来\闲来服务器\闲来服务器\系统模块\服务器组件\内核引擎\Release\link-rc.write.1.tlog
E:\闲来\闲来服务器\闲来服务器\系统模块\服务器组件\内核引擎\Release\link.command.1.tlog
E:\闲来\闲来服务器\闲来服务器\系统模块\服务器组件\内核引擎\Release\link.read.1.tlog
E:\闲来\闲来服务器\闲来服务器\系统模块\服务器组件\内核引擎\Release\link.write.1.tlog
E:\闲来\闲来服务器\闲来服务器\系统模块\服务器组件\内核引擎\Release\rc.command.1.tlog
E:\闲来\闲来服务器\闲来服务器\系统模块\服务器组件\内核引擎\Release\rc.read.1.tlog
E:\闲来\闲来服务器\闲来服务器\系统模块\服务器组件\内核引擎\Release\rc.write.1.tlog
E:\闲来\闲来服务器\闲来服务器\系统模块\服务器组件\内核引擎\Release\内核引擎.write.1.tlog
E:\闲来\闲来服务器\闲来服务器\系统模块\服务器组件\内核引擎\Release\KernelEngine.res
E:\闲来\闲来服务器\闲来服务器\系统模块\服务器组件\内核引擎\Release\KernelEngine.pch
E:\闲来\闲来服务器\闲来服务器\系统模块\服务器组件\内核引擎\Release\vc110.pdb
E:\闲来\闲来服务器\闲来服务器\系统模块\服务器组件\内核引擎\../../../运行/Release/Ansi/KernelEngine.dll
