E:\闲来\闲来服务器\闲来服务器\系统模块\服务器组件\模块管理\RELEASE\MODULEMANAGER.PCH
E:\闲来\闲来服务器\闲来服务器\系统模块\服务器组件\模块管理\RELEASE\STDAFX.OBJ
E:\闲来\闲来服务器\闲来服务器\系统模块\服务器组件\模块管理\RELEASE\VC110.PDB
E:\闲来\闲来服务器\闲来服务器\系统模块\服务器组件\模块管理\RELEASE\SERVERLISTCONTROL.OBJ
E:\闲来\闲来服务器\闲来服务器\系统模块\服务器组件\模块管理\RELEASE\SERVERINFOMANAGER.OBJ
E:\闲来\闲来服务器\闲来服务器\系统模块\服务器组件\模块管理\RELEASE\SERVERCUSTOMRULE.OBJ
E:\闲来\闲来服务器\闲来服务器\系统模块\服务器组件\模块管理\RELEASE\MODULEMANAGER.OBJ
E:\闲来\闲来服务器\闲来服务器\系统模块\服务器组件\模块管理\RELEASE\MODULELISTCONTROL.OBJ
E:\闲来\闲来服务器\闲来服务器\系统模块\服务器组件\模块管理\RELEASE\MODULEINFOMANAGER.OBJ
E:\闲来\闲来服务器\闲来服务器\系统模块\服务器组件\模块管理\RELEASE\MODULEDBPARAMETER.OBJ
E:\闲来\闲来服务器\闲来服务器\系统模块\服务器组件\模块管理\RELEASE\MATCHLISTCONTROL.OBJ
E:\闲来\闲来服务器\闲来服务器\系统模块\服务器组件\模块管理\RELEASE\LISTCONTROL.OBJ
E:\闲来\闲来服务器\闲来服务器\系统模块\服务器组件\模块管理\RELEASE\DLGSERVERWIZARD.OBJ
E:\闲来\闲来服务器\闲来服务器\系统模块\服务器组件\模块管理\RELEASE\DLGSERVERMATCH.OBJ
E:\闲来\闲来服务器\闲来服务器\系统模块\服务器组件\模块管理\RELEASE\DLGSERVERITEM.OBJ
E:\闲来\闲来服务器\闲来服务器\运行\RELEASE\ANSI\MODULEMANAGER.DLL
E:\闲来\闲来服务器\闲来服务器\运行\RELEASE\ANSI\MODULEMANAGER.PDB
E:\闲来\闲来服务器\闲来服务器\系统模块\服务器组件\模块管理\RELEASE\MODULEMANAGER.RES
E:\闲来\闲来服务器\闲来服务器\系统模块\链接库\Ansi\ModuleManager.lib
E:\闲来\闲来服务器\闲来服务器\系统模块\链接库\Ansi\ModuleManager.exp
E:\闲来\闲来服务器\闲来服务器\系统模块\服务器组件\模块管理\Release\DlgServerItem.obj
E:\闲来\闲来服务器\闲来服务器\系统模块\服务器组件\模块管理\Release\DlgServerMatch.obj
E:\闲来\闲来服务器\闲来服务器\系统模块\服务器组件\模块管理\Release\DlgServerWizard.obj
E:\闲来\闲来服务器\闲来服务器\系统模块\服务器组件\模块管理\Release\ListControl.obj
E:\闲来\闲来服务器\闲来服务器\系统模块\服务器组件\模块管理\Release\MatchListControl.obj
E:\闲来\闲来服务器\闲来服务器\系统模块\服务器组件\模块管理\Release\ModuleDBParameter.obj
E:\闲来\闲来服务器\闲来服务器\系统模块\服务器组件\模块管理\Release\ModuleInfoManager.obj
E:\闲来\闲来服务器\闲来服务器\系统模块\服务器组件\模块管理\Release\ModuleListControl.obj
E:\闲来\闲来服务器\闲来服务器\系统模块\服务器组件\模块管理\Release\ModuleManager.obj
E:\闲来\闲来服务器\闲来服务器\系统模块\服务器组件\模块管理\Release\ServerCustomRule.obj
E:\闲来\闲来服务器\闲来服务器\系统模块\服务器组件\模块管理\Release\ServerInfoManager.obj
E:\闲来\闲来服务器\闲来服务器\系统模块\服务器组件\模块管理\Release\ServerListControl.obj
E:\闲来\闲来服务器\闲来服务器\系统模块\服务器组件\模块管理\Release\Stdafx.obj
E:\闲来\闲来服务器\闲来服务器\系统模块\服务器组件\模块管理\Release\msado15.tli
E:\闲来\闲来服务器\闲来服务器\系统模块\服务器组件\模块管理\Release\msado15.tlh
E:\闲来\闲来服务器\闲来服务器\系统模块\服务器组件\模块管理\Release\cl.command.1.tlog
E:\闲来\闲来服务器\闲来服务器\系统模块\服务器组件\模块管理\Release\CL.read.1.tlog
E:\闲来\闲来服务器\闲来服务器\系统模块\服务器组件\模块管理\Release\CL.write.1.tlog
E:\闲来\闲来服务器\闲来服务器\系统模块\服务器组件\模块管理\Release\link-cvtres.read.1.tlog
E:\闲来\闲来服务器\闲来服务器\系统模块\服务器组件\模块管理\Release\link-cvtres.write.1.tlog
E:\闲来\闲来服务器\闲来服务器\系统模块\服务器组件\模块管理\Release\link-mt.read.1.tlog
E:\闲来\闲来服务器\闲来服务器\系统模块\服务器组件\模块管理\Release\link-mt.write.1.tlog
E:\闲来\闲来服务器\闲来服务器\系统模块\服务器组件\模块管理\Release\link-rc.read.1.tlog
E:\闲来\闲来服务器\闲来服务器\系统模块\服务器组件\模块管理\Release\link-rc.write.1.tlog
E:\闲来\闲来服务器\闲来服务器\系统模块\服务器组件\模块管理\Release\link.command.1.tlog
E:\闲来\闲来服务器\闲来服务器\系统模块\服务器组件\模块管理\Release\link.read.1.tlog
E:\闲来\闲来服务器\闲来服务器\系统模块\服务器组件\模块管理\Release\link.write.1.tlog
E:\闲来\闲来服务器\闲来服务器\系统模块\服务器组件\模块管理\Release\rc.command.1.tlog
E:\闲来\闲来服务器\闲来服务器\系统模块\服务器组件\模块管理\Release\rc.read.1.tlog
E:\闲来\闲来服务器\闲来服务器\系统模块\服务器组件\模块管理\Release\rc.write.1.tlog
E:\闲来\闲来服务器\闲来服务器\系统模块\服务器组件\模块管理\Release\模块管理.write.1.tlog
E:\闲来\闲来服务器\闲来服务器\系统模块\服务器组件\模块管理\Release\ModuleManager.res
E:\闲来\闲来服务器\闲来服务器\系统模块\服务器组件\模块管理\Release\ModuleManager.pch
E:\闲来\闲来服务器\闲来服务器\系统模块\服务器组件\模块管理\Release\vc110.pdb
E:\闲来\闲来服务器\闲来服务器\系统模块\服务器组件\模块管理\../../../运行/Release/Ansi/ModuleManager.dll
