E:\闲来\闲来服务器\闲来服务器\系统模块\公共组件\服务核心\RELEASE\SERVICECORE.PCH
E:\闲来\闲来服务器\闲来服务器\系统模块\公共组件\服务核心\RELEASE\STDAFX.OBJ
E:\闲来\闲来服务器\闲来服务器\系统模块\公共组件\服务核心\RELEASE\VC110.PDB
E:\闲来\闲来服务器\闲来服务器\系统模块\公共组件\服务核心\RELEASE\WHTHREAD.OBJ
E:\闲来\闲来服务器\闲来服务器\系统模块\公共组件\服务核心\RELEASE\WHSERVICE.OBJ
E:\闲来\闲来服务器\闲来服务器\系统模块\公共组件\服务核心\RELEASE\WHREGKEY.OBJ
E:\闲来\闲来服务器\闲来服务器\系统模块\公共组件\服务核心\RELEASE\WHINIDATA.OBJ
E:\闲来\闲来服务器\闲来服务器\系统模块\公共组件\服务核心\RELEASE\WHENCRYPT.OBJ
E:\闲来\闲来服务器\闲来服务器\系统模块\公共组件\服务核心\RELEASE\WHDATAQUEUE.OBJ
E:\闲来\闲来服务器\闲来服务器\系统模块\公共组件\服务核心\RELEASE\WHDATALOCKER.OBJ
E:\闲来\闲来服务器\闲来服务器\系统模块\公共组件\服务核心\RELEASE\WHCOMMANDLINE.OBJ
E:\闲来\闲来服务器\闲来服务器\系统模块\公共组件\服务核心\RELEASE\SERVICECORE.OBJ
E:\闲来\闲来服务器\闲来服务器\运行\RELEASE\ANSI\SERVICECORE.DLL
E:\闲来\闲来服务器\闲来服务器\运行\RELEASE\ANSI\SERVICECORE.PDB
E:\闲来\闲来服务器\闲来服务器\系统模块\公共组件\服务核心\RELEASE\SERVICECORE.RES
E:\闲来\闲来服务器\闲来服务器\系统模块\链接库\Ansi\ServiceCore.lib
E:\闲来\闲来服务器\闲来服务器\系统模块\链接库\Ansi\ServiceCore.exp
E:\闲来\闲来服务器\闲来服务器\系统模块\公共组件\服务核心\Release\ServiceCore.obj
E:\闲来\闲来服务器\闲来服务器\系统模块\公共组件\服务核心\Release\Stdafx.obj
E:\闲来\闲来服务器\闲来服务器\系统模块\公共组件\服务核心\Release\WHCommandLine.obj
E:\闲来\闲来服务器\闲来服务器\系统模块\公共组件\服务核心\Release\WHDataLocker.obj
E:\闲来\闲来服务器\闲来服务器\系统模块\公共组件\服务核心\Release\WHDataQueue.obj
E:\闲来\闲来服务器\闲来服务器\系统模块\公共组件\服务核心\Release\WHEncrypt.obj
E:\闲来\闲来服务器\闲来服务器\系统模块\公共组件\服务核心\Release\WHIniData.obj
E:\闲来\闲来服务器\闲来服务器\系统模块\公共组件\服务核心\Release\WHRegKey.obj
E:\闲来\闲来服务器\闲来服务器\系统模块\公共组件\服务核心\Release\WHService.obj
E:\闲来\闲来服务器\闲来服务器\系统模块\公共组件\服务核心\Release\WHThread.obj
E:\闲来\闲来服务器\闲来服务器\系统模块\公共组件\服务核心\Release\cl.command.1.tlog
E:\闲来\闲来服务器\闲来服务器\系统模块\公共组件\服务核心\Release\CL.read.1.tlog
E:\闲来\闲来服务器\闲来服务器\系统模块\公共组件\服务核心\Release\CL.write.1.tlog
E:\闲来\闲来服务器\闲来服务器\系统模块\公共组件\服务核心\Release\link-cvtres.read.1.tlog
E:\闲来\闲来服务器\闲来服务器\系统模块\公共组件\服务核心\Release\link-cvtres.write.1.tlog
E:\闲来\闲来服务器\闲来服务器\系统模块\公共组件\服务核心\Release\link-mt.read.1.tlog
E:\闲来\闲来服务器\闲来服务器\系统模块\公共组件\服务核心\Release\link-mt.write.1.tlog
E:\闲来\闲来服务器\闲来服务器\系统模块\公共组件\服务核心\Release\link-rc.read.1.tlog
E:\闲来\闲来服务器\闲来服务器\系统模块\公共组件\服务核心\Release\link-rc.write.1.tlog
E:\闲来\闲来服务器\闲来服务器\系统模块\公共组件\服务核心\Release\link.command.1.tlog
E:\闲来\闲来服务器\闲来服务器\系统模块\公共组件\服务核心\Release\link.read.1.tlog
E:\闲来\闲来服务器\闲来服务器\系统模块\公共组件\服务核心\Release\link.write.1.tlog
E:\闲来\闲来服务器\闲来服务器\系统模块\公共组件\服务核心\Release\rc.command.1.tlog
E:\闲来\闲来服务器\闲来服务器\系统模块\公共组件\服务核心\Release\rc.read.1.tlog
E:\闲来\闲来服务器\闲来服务器\系统模块\公共组件\服务核心\Release\rc.write.1.tlog
E:\闲来\闲来服务器\闲来服务器\系统模块\公共组件\服务核心\Release\服务核心.write.1.tlog
E:\闲来\闲来服务器\闲来服务器\系统模块\公共组件\服务核心\Release\ServiceCore.res
E:\闲来\闲来服务器\闲来服务器\系统模块\公共组件\服务核心\Release\ServiceCore.pch
E:\闲来\闲来服务器\闲来服务器\系统模块\公共组件\服务核心\Release\vc110.pdb
E:\闲来\闲来服务器\闲来服务器\系统模块\公共组件\服务核心\../../../运行/Release/Ansi/ServiceCore.dll
